[2025-11-19 09:09:50] local.ERROR: file_put_contents(C:\Users\asus\Desktop\molham\Sajjilha-Backend-main\storage\framework/sessions/mTJHCYGcu5U9WXLhUyXxCZB1kg8Yb61vgfW1VdJy): Failed to open stream: No such file or directory {"exception":"[object] (ErrorException(code: 0): file_put_contents(C:\\Users\\asus\\Desktop\\molham\\Sajjilha-Backend-main\\storage\\framework/sessions/mTJHCYGcu5U9WXLhUyXxCZB1kg8Yb61vgfW1VdJy): Failed to open stream: No such file or directory at /mnt/0C78E3AE78E394AC/My_projects/Sajjlha/molham/Sajjilha-Backend-main/vendor/laravel/framework/src/Illuminate/Filesystem/Filesystem.php:204)
[stacktrace]
#0 /mnt/0C78E3AE78E394AC/My_projects/Sajjlha/molham/Sajjilha-Backend-main/vendor/laravel/framework/src/Illuminate/Foundation/Bootstrap/HandleExceptions.php(255): Illuminate\\Foundation\\Bootstrap\\HandleExceptions->handleError(2, 'file_put_conten...', '/mnt/0C78E3AE78...', 204)
#1 [internal function]: Illuminate\\Foundation\\Bootstrap\\HandleExceptions->{closure:Illuminate\\Foundation\\Bootstrap\\HandleExceptions::forwardsTo():254}(2, 'file_put_conten...', '/mnt/0C78E3AE78...', 204)
#2 /mnt/0C78E3AE78E394AC/My_projects/Sajjlha/molham/Sajjilha-Backend-main/vendor/laravel/framework/src/Illuminate/Filesystem/Filesystem.php(204): file_put_contents('C:\\\\Users\\\\asus\\\\D...', 'a:3:{s:6:\"_toke...', 2)
#3 /mnt/0C78E3AE78E394AC/My_projects/Sajjlha/molham/Sajjilha-Backend-main/vendor/laravel/framework/src/Illuminate/Session/FileSessionHandler.php(90): Illuminate\\Filesystem\\Filesystem->put('C:\\\\Users\\\\asus\\\\D...', 'a:3:{s:6:\"_toke...', true)
#4 /mnt/0C78E3AE78E394AC/My_projects/Sajjlha/molham/Sajjilha-Backend-main/vendor/laravel/framework/src/Illuminate/Session/Store.php(172): Illuminate\\Session\\FileSessionHandler->write('mTJHCYGcu5U9WXL...', 'a:3:{s:6:\"_toke...')
#5 /mnt/0C78E3AE78E394AC/My_projects/Sajjlha/molham/Sajjilha-Backend-main/vendor/laravel/framework/src/Illuminate/Session/Middleware/StartSession.php(245): Illuminate\\Session\\Store->save()
#6 /mnt/0C78E3AE78E394AC/My_projects/Sajjlha/molham/Sajjilha-Backend-main/vendor/laravel/framework/src/Illuminate/Session/Middleware/StartSession.php(130): Illuminate\\Session\\Middleware\\StartSession->saveSession(Object(Illuminate\\Http\\Request))
#7 /mnt/0C78E3AE78E394AC/My_projects/Sajjlha/molham/Sajjilha-Backend-main/vendor/laravel/framework/src/Illuminate/Session/Middleware/StartSession.php(64): Illuminate\\Session\\Middleware\\StartSession->handleStatefulRequest(Object(Illuminate\\Http\\Request), Object(Illuminate\\Session\\Store), Object(Closure))
#8 /mnt/0C78E3AE78E394AC/My_projects/Sajjlha/molham/Sajjilha-Backend-main/vendor/laravel/framework/src/Illuminate/Pipeline/Pipeline.php(183): Illuminate\\Session\\Middleware\\StartSession->handle(Object(Illuminate\\Http\\Request), Object(Closure))
#9 /mnt/0C78E3AE78E394AC/My_projects/Sajjlha/molham/Sajjilha-Backend-main/vendor/laravel/framework/src/Illuminate/Cookie/Middleware/AddQueuedCookiesToResponse.php(37): Illuminate\\Pipeline\\Pipeline->{closure:{closure:Illuminate\\Pipeline\\Pipeline::carry():158}:159}(Object(Illuminate\\Http\\Request))
#10 /mnt/0C78E3AE78E394AC/My_projects/Sajjlha/molham/Sajjilha-Backend-main/vendor/laravel/framework/src/Illuminate/Pipeline/Pipeline.php(183): Illuminate\\Cookie\\Middleware\\AddQueuedCookiesToResponse->handle(Object(Illuminate\\Http\\Request), Object(Closure))
#11 /mnt/0C78E3AE78E394AC/My_projects/Sajjlha/molham/Sajjilha-Backend-main/vendor/laravel/framework/src/Illuminate/Cookie/Middleware/EncryptCookies.php(67): Illuminate\\Pipeline\\Pipeline->{closure:{closure:Illuminate\\Pipeline\\Pipeline::carry():158}:159}(Object(Illuminate\\Http\\Request))
#12 /mnt/0C78E3AE78E394AC/My_projects/Sajjlha/molham/Sajjilha-Backend-main/vendor/laravel/framework/src/Illuminate/Pipeline/Pipeline.php(183): Illuminate\\Cookie\\Middleware\\EncryptCookies->handle(Object(Illuminate\\Http\\Request), Object(Closure))
#13 /mnt/0C78E3AE78E394AC/My_projects/Sajjlha/molham/Sajjilha-Backend-main/vendor/laravel/framework/src/Illuminate/Pipeline/Pipeline.php(119): Illuminate\\Pipeline\\Pipeline->{closure:{closure:Illuminate\\Pipeline\\Pipeline::carry():158}:159}(Object(Illuminate\\Http\\Request))
#14 /mnt/0C78E3AE78E394AC/My_projects/Sajjlha/molham/Sajjilha-Backend-main/vendor/laravel/framework/src/Illuminate/Routing/Router.php(805): Illuminate\\Pipeline\\Pipeline->then(Object(Closure))
#15 /mnt/0C78E3AE78E394AC/My_projects/Sajjlha/molham/Sajjilha-Backend-main/vendor/laravel/framework/src/Illuminate/Routing/Router.php(784): Illuminate\\Routing\\Router->runRouteWithinStack(Object(Illuminate\\Routing\\Route), Object(Illuminate\\Http\\Request))
#16 /mnt/0C78E3AE78E394AC/My_projects/Sajjlha/molham/Sajjilha-Backend-main/vendor/laravel/framework/src/Illuminate/Routing/Router.php(748): Illuminate\\Routing\\Router->runRoute(Object(Illuminate\\Http\\Request), Object(Illuminate\\Routing\\Route))
#17 /mnt/0C78E3AE78E394AC/My_projects/Sajjlha/molham/Sajjilha-Backend-main/vendor/laravel/framework/src/Illuminate/Routing/Router.php(737): Illuminate\\Routing\\Router->dispatchToRoute(Object(Illuminate\\Http\\Request))
#18 /mnt/0C78E3AE78E394AC/My_projects/Sajjlha/molham/Sajjilha-Backend-main/vendor/laravel/framework/src/Illuminate/Foundation/Http/Kernel.php(200): Illuminate\\Routing\\Router->dispatch(Object(Illuminate\\Http\\Request))
#19 /mnt/0C78E3AE78E394AC/My_projects/Sajjlha/molham/Sajjilha-Backend-main/vendor/laravel/framework/src/Illuminate/Pipeline/Pipeline.php(144): Illuminate\\Foundation\\Http\\Kernel->{closure:Illuminate\\Foundation\\Http\\Kernel::dispatchToRouter():197}(Object(Illuminate\\Http\\Request))
#20 /mnt/0C78E3AE78E394AC/My_projects/Sajjlha/molham/Sajjilha-Backend-main/vendor/laravel/framework/src/Illuminate/Foundation/Http/Middleware/TransformsRequest.php(21): Illuminate\\Pipeline\\Pipeline->{closure:Illuminate\\Pipeline\\Pipeline::prepareDestination():142}(Object(Illuminate\\Http\\Request))
#21 /mnt/0C78E3AE78E394AC/My_projects/Sajjlha/molham/Sajjilha-Backend-main/vendor/laravel/framework/src/Illuminate/Foundation/Http/Middleware/ConvertEmptyStringsToNull.php(31): Illuminate\\Foundation\\Http\\Middleware\\TransformsRequest->handle(Object(Illuminate\\Http\\Request), Object(Closure))
#22 /mnt/0C78E3AE78E394AC/My_projects/Sajjlha/molham/Sajjilha-Backend-main/vendor/laravel/framework/src/Illuminate/Pipeline/Pipeline.php(183): Illuminate\\Foundation\\Http\\Middleware\\ConvertEmptyStringsToNull->handle(Object(Illuminate\\Http\\Request), Object(Closure))
#23 /mnt/0C78E3AE78E394AC/My_projects/Sajjlha/molham/Sajjilha-Backend-main/vendor/laravel/framework/src/Illuminate/Foundation/Http/Middleware/TransformsRequest.php(21): Illuminate\\Pipeline\\Pipeline->{closure:{closure:Illuminate\\Pipeline\\Pipeline::carry():158}:159}(Object(Illuminate\\Http\\Request))
#24 /mnt/0C78E3AE78E394AC/My_projects/Sajjlha/molham/Sajjilha-Backend-main/vendor/laravel/framework/src/Illuminate/Foundation/Http/Middleware/TrimStrings.php(40): Illuminate\\Foundation\\Http\\Middleware\\TransformsRequest->handle(Object(Illuminate\\Http\\Request), Object(Closure))
#25 /mnt/0C78E3AE78E394AC/My_projects/Sajjlha/molham/Sajjilha-Backend-main/vendor/laravel/framework/src/Illuminate/Pipeline/Pipeline.php(183): Illuminate\\Foundation\\Http\\Middleware\\TrimStrings->handle(Object(Illuminate\\Http\\Request), Object(Closure))
#26 /mnt/0C78E3AE78E394AC/My_projects/Sajjlha/molham/Sajjilha-Backend-main/vendor/laravel/framework/src/Illuminate/Foundation/Http/Middleware/ValidatePostSize.php(27): Illuminate\\Pipeline\\Pipeline->{closure:{closure:Illuminate\\Pipeline\\Pipeline::carry():158}:159}(Object(Illuminate\\Http\\Request))
#27 /mnt/0C78E3AE78E394AC/My_projects/Sajjlha/molham/Sajjilha-Backend-main/vendor/laravel/framework/src/Illuminate/Pipeline/Pipeline.php(183): Illuminate\\Foundation\\Http\\Middleware\\ValidatePostSize->handle(Object(Illuminate\\Http\\Request), Object(Closure))
#28 /mnt/0C78E3AE78E394AC/My_projects/Sajjlha/molham/Sajjilha-Backend-main/vendor/laravel/framework/src/Illuminate/Foundation/Http/Middleware/PreventRequestsDuringMaintenance.php(99): Illuminate\\Pipeline\\Pipeline->{closure:{closure:Illuminate\\Pipeline\\Pipeline::carry():158}:159}(Object(Illuminate\\Http\\Request))
#29 /mnt/0C78E3AE78E394AC/My_projects/Sajjlha/molham/Sajjilha-Backend-main/vendor/laravel/framework/src/Illuminate/Pipeline/Pipeline.php(183): Illuminate\\Foundation\\Http\\Middleware\\PreventRequestsDuringMaintenance->handle(Object(Illuminate\\Http\\Request), Object(Closure))
#30 /mnt/0C78E3AE78E394AC/My_projects/Sajjlha/molham/Sajjilha-Backend-main/vendor/laravel/framework/src/Illuminate/Http/Middleware/HandleCors.php(49): Illuminate\\Pipeline\\Pipeline->{closure:{closure:Illuminate\\Pipeline\\Pipeline::carry():158}:159}(Object(Illuminate\\Http\\Request))
#31 /mnt/0C78E3AE78E394AC/My_projects/Sajjlha/molham/Sajjilha-Backend-main/vendor/laravel/framework/src/Illuminate/Pipeline/Pipeline.php(183): Illuminate\\Http\\Middleware\\HandleCors->handle(Object(Illuminate\\Http\\Request), Object(Closure))
#32 /mnt/0C78E3AE78E394AC/My_projects/Sajjlha/molham/Sajjilha-Backend-main/vendor/laravel/framework/src/Illuminate/Http/Middleware/TrustProxies.php(39): Illuminate\\Pipeline\\Pipeline->{closure:{closure:Illuminate\\Pipeline\\Pipeline::carry():158}:159}(Object(Illuminate\\Http\\Request))
#33 /mnt/0C78E3AE78E394AC/My_projects/Sajjlha/molham/Sajjilha-Backend-main/vendor/laravel/framework/src/Illuminate/Pipeline/Pipeline.php(183): Illuminate\\Http\\Middleware\\TrustProxies->handle(Object(Illuminate\\Http\\Request), Object(Closure))
#34 /mnt/0C78E3AE78E394AC/My_projects/Sajjlha/molham/Sajjilha-Backend-main/vendor/laravel/framework/src/Illuminate/Pipeline/Pipeline.php(119): Illuminate\\Pipeline\\Pipeline->{closure:{closure:Illuminate\\Pipeline\\Pipeline::carry():158}:159}(Object(Illuminate\\Http\\Request))
#35 /mnt/0C78E3AE78E394AC/My_projects/Sajjlha/molham/Sajjilha-Backend-main/vendor/laravel/framework/src/Illuminate/Foundation/Http/Kernel.php(175): Illuminate\\Pipeline\\Pipeline->then(Object(Closure))
#36 /mnt/0C78E3AE78E394AC/My_projects/Sajjlha/molham/Sajjilha-Backend-main/vendor/laravel/framework/src/Illuminate/Foundation/Http/Kernel.php(144): Illuminate\\Foundation\\Http\\Kernel->sendRequestThroughRouter(Object(Illuminate\\Http\\Request))
#37 /mnt/0C78E3AE78E394AC/My_projects/Sajjlha/molham/Sajjilha-Backend-main/public/index.php(51): Illuminate\\Foundation\\Http\\Kernel->handle(Object(Illuminate\\Http\\Request))
#38 /mnt/0C78E3AE78E394AC/My_projects/Sajjlha/molham/Sajjilha-Backend-main/vendor/laravel/framework/src/Illuminate/Foundation/resources/server.php(16): require_once('/mnt/0C78E3AE78...')
#39 {main}
"} 
